<?xml version="1.0" encoding="UTF-8"?>
<!-- Generated by org.testng.reporters.JUnitReportReporter -->
<testsuite skipped="0" hostname="Ravi-PC" name="com.fezmob.scripts.LoginPageTest" tests="2" failures="0" timestamp="26 May 2017 10:45:01 GMT" time="88.109" errors="0">
  <testcase name="validLoginTest" time="42.562" classname="com.fezmob.scripts.LoginPageTest"/>
  <testcase name="createTicket" time="45.547" classname="com.fezmob.scripts.LoginPageTest"/>
</testsuite> <!-- com.fezmob.scripts.LoginPageTest -->
