<?xml version="1.0" encoding="UTF-8"?>
<!-- Generated by org.testng.reporters.JUnitReportReporter -->
<testsuite skipped="0" hostname="Ravi-PC" name="com.fezmob.scripts.TestLoginLogout" tests="1" failures="0" timestamp="23 May 2018 04:50:09 GMT" time="46.382" errors="0">
  <testcase name="testAutoLoginLogout" time="46.382" classname="com.fezmob.scripts.TestLoginLogout"/>
</testsuite> <!-- com.fezmob.scripts.TestLoginLogout -->
