<?xml version="1.0" encoding="UTF-8"?>
<!-- Generated by org.testng.reporters.JUnitReportReporter -->
<testsuite skipped="0" hostname="Ravi-PC" name="com.fezmob.scripts.TestAddExpense" tests="1" failures="0" timestamp="23 May 2018 13:21:56 GMT" time="83.139" errors="0">
  <testcase name="testAddExpense" time="83.139" classname="com.fezmob.scripts.TestAddExpense"/>
</testsuite> <!-- com.fezmob.scripts.TestAddExpense -->
