<?xml version="1.0" encoding="UTF-8"?>
<!-- Generated by org.testng.reporters.JUnitReportReporter -->
<testsuite skipped="1" hostname="Ravi-PC" name="com.fezmob.scripts.TestAddJob" tests="1" failures="0" timestamp="28 Mar 2018 07:07:00 GMT" time="0.009" errors="0">
  <testcase name="testAddJob" time="0.009" classname="com.fezmob.scripts.TestAddJob">
    <skipped/>
  </testcase> <!-- testAddJob -->
</testsuite> <!-- com.fezmob.scripts.TestAddJob -->
