<?xml version="1.0" encoding="UTF-8"?>
<!-- Generated by org.testng.reporters.JUnitReportReporter -->
<testsuite skipped="0" hostname="Ravi-PC" name="com.fieldEZ.FirstTest" tests="1" failures="0" timestamp="25 May 2017 08:10:53 GMT" time="10.142" errors="0">
  <testcase name="firstTestMethod" time="10.142" classname="com.fieldEZ.FirstTest"/>
</testsuite> <!-- com.fieldEZ.FirstTest -->
